22-Jun-2023 09:05:06.519 信息 [main] org.apache.catalina.startup.VersionLoggerListener.log Server.服务器版本: Apache Tomcat/8.5.63
22-Jun-2023 09:05:06.534 信息 [main] org.apache.catalina.startup.VersionLoggerListener.log 服务器构建:        Jan 29 2021 11:21:49 UTC
22-Jun-2023 09:05:06.534 信息 [main] org.apache.catalina.startup.VersionLoggerListener.log 服务器版本号:      8.5.63.0
22-Jun-2023 09:05:06.534 信息 [main] org.apache.catalina.startup.VersionLoggerListener.log 操作系统名称:      Windows 10
22-Jun-2023 09:05:06.534 信息 [main] org.apache.catalina.startup.VersionLoggerListener.log OS.版本:           10.0
22-Jun-2023 09:05:06.534 信息 [main] org.apache.catalina.startup.VersionLoggerListener.log 架构:              amd64
22-Jun-2023 09:05:06.534 信息 [main] org.apache.catalina.startup.VersionLoggerListener.log Java 环境变量:     E:\LearnNote\LenJava\java\jdk\jre
22-Jun-2023 09:05:06.534 信息 [main] org.apache.catalina.startup.VersionLoggerListener.log Java虚拟机版本:    1.8.0_333-b02
22-Jun-2023 09:05:06.534 信息 [main] org.apache.catalina.startup.VersionLoggerListener.log JVM.供应商:        Oracle Corporation
22-Jun-2023 09:05:06.534 信息 [main] org.apache.catalina.startup.VersionLoggerListener.log CATALINA_BASE:     E:\LearnNote\LenJava\JavaChapter\Java_framework\javaWeb\tomcat-8.5.63
22-Jun-2023 09:05:06.534 信息 [main] org.apache.catalina.startup.VersionLoggerListener.log CATALINA_HOME:     E:\LearnNote\LenJava\JavaChapter\Java_framework\javaWeb\tomcat-8.5.63
22-Jun-2023 09:05:06.550 信息 [main] org.apache.catalina.startup.VersionLoggerListener.log 命令行参数：       -Djava.util.logging.config.file=E:\LearnNote\LenJava\JavaChapter\Java_framework\javaWeb\tomcat-8.5.63\conf\logging.properties
22-Jun-2023 09:05:06.550 信息 [main] org.apache.catalina.startup.VersionLoggerListener.log 命令行参数：       -Djava.util.logging.manager=org.apache.juli.ClassLoaderLogManager
22-Jun-2023 09:05:06.550 信息 [main] org.apache.catalina.startup.VersionLoggerListener.log 命令行参数：       -Djdk.tls.ephemeralDHKeySize=2048
22-Jun-2023 09:05:06.550 信息 [main] org.apache.catalina.startup.VersionLoggerListener.log 命令行参数：       -Djava.protocol.handler.pkgs=org.apache.catalina.webresources
22-Jun-2023 09:05:06.550 信息 [main] org.apache.catalina.startup.VersionLoggerListener.log 命令行参数：       -Dignore.endorsed.dirs=
22-Jun-2023 09:05:06.550 信息 [main] org.apache.catalina.startup.VersionLoggerListener.log 命令行参数：       -Dcatalina.base=E:\LearnNote\LenJava\JavaChapter\Java_framework\javaWeb\tomcat-8.5.63
22-Jun-2023 09:05:06.550 信息 [main] org.apache.catalina.startup.VersionLoggerListener.log 命令行参数：       -Dcatalina.home=E:\LearnNote\LenJava\JavaChapter\Java_framework\javaWeb\tomcat-8.5.63
22-Jun-2023 09:05:06.550 信息 [main] org.apache.catalina.startup.VersionLoggerListener.log 命令行参数：       -Djava.io.tmpdir=E:\LearnNote\LenJava\JavaChapter\Java_framework\javaWeb\tomcat-8.5.63\temp
22-Jun-2023 09:05:06.550 信息 [main] org.apache.catalina.core.AprLifecycleListener.lifecycleEvent 使用APR版本[1.7.0]加载了基于APR的Apache Tomcat本机库[1.2.26]。
22-Jun-2023 09:05:06.550 信息 [main] org.apache.catalina.core.AprLifecycleListener.lifecycleEvent APR功能：IPv6[true]、sendfile[true]、accept filters[false]、random[true]。
22-Jun-2023 09:05:06.550 信息 [main] org.apache.catalina.core.AprLifecycleListener.lifecycleEvent APR/OpenSSL配置：useAprConnector[false]，useOpenSSL[true]
22-Jun-2023 09:05:06.566 信息 [main] org.apache.catalina.core.AprLifecycleListener.initializeSSL OpenSSL成功初始化 [OpenSSL 1.1.1i  8 Dec 2020]
22-Jun-2023 09:05:06.804 信息 [main] org.apache.coyote.AbstractProtocol.init 初始化协议处理器 ["http-nio-8181"]
22-Jun-2023 09:05:07.067 信息 [main] org.apache.tomcat.util.net.NioSelectorPool.getSharedSelector Using a shared selector for servlet write/read
22-Jun-2023 09:05:07.082 信息 [main] org.apache.catalina.startup.Catalina.load Initialization processed in 1081 ms
22-Jun-2023 09:05:07.189 信息 [main] org.apache.catalina.core.StandardService.startInternal 正在启动服务[Catalina]
22-Jun-2023 09:05:07.189 信息 [main] org.apache.catalina.core.StandardEngine.startInternal Starting Servlet Engine: Apache Tomcat/8.5.63
22-Jun-2023 09:05:07.205 信息 [localhost-startStop-1] org.apache.catalina.startup.HostConfig.deployDescriptor 正在部署部署描述符[E:\LearnNote\LenJava\JavaChapter\Java_framework\javaWeb\tomcat-8.5.63\conf\Catalina\localhost\javaWeb.xml]。
22-Jun-2023 09:05:07.427 信息 [localhost-startStop-1] org.apache.catalina.startup.HostConfig.deployDescriptor 部署描述符[E:\LearnNote\LenJava\JavaChapter\Java_framework\javaWeb\tomcat-8.5.63\conf\Catalina\localhost\javaWeb.xml]的部署已在[222]ms内完成
22-Jun-2023 09:05:07.443 信息 [localhost-startStop-1] org.apache.catalina.startup.HostConfig.deployDirectory 把web 应用程序部署到目录 [E:\LearnNote\LenJava\JavaChapter\Java_framework\javaWeb\tomcat-8.5.63\webapps\docs]
22-Jun-2023 09:05:07.458 信息 [localhost-startStop-1] org.apache.catalina.startup.HostConfig.deployDirectory Web应用程序目录[E:\LearnNote\LenJava\JavaChapter\Java_framework\javaWeb\tomcat-8.5.63\webapps\docs]的部署已在[15]毫秒内完成
22-Jun-2023 09:05:07.458 信息 [localhost-startStop-1] org.apache.catalina.startup.HostConfig.deployDirectory 把web 应用程序部署到目录 [E:\LearnNote\LenJava\JavaChapter\Java_framework\javaWeb\tomcat-8.5.63\webapps\examples]
22-Jun-2023 09:05:07.722 信息 [localhost-startStop-1] org.apache.catalina.startup.HostConfig.deployDirectory Web应用程序目录[E:\LearnNote\LenJava\JavaChapter\Java_framework\javaWeb\tomcat-8.5.63\webapps\examples]的部署已在[264]毫秒内完成
22-Jun-2023 09:05:07.722 信息 [localhost-startStop-1] org.apache.catalina.startup.HostConfig.deployDirectory 把web 应用程序部署到目录 [E:\LearnNote\LenJava\JavaChapter\Java_framework\javaWeb\tomcat-8.5.63\webapps\host-manager]
22-Jun-2023 09:05:07.753 信息 [localhost-startStop-1] org.apache.catalina.startup.HostConfig.deployDirectory Web应用程序目录[E:\LearnNote\LenJava\JavaChapter\Java_framework\javaWeb\tomcat-8.5.63\webapps\host-manager]的部署已在[31]毫秒内完成
22-Jun-2023 09:05:07.753 信息 [localhost-startStop-1] org.apache.catalina.startup.HostConfig.deployDirectory 把web 应用程序部署到目录 [E:\LearnNote\LenJava\JavaChapter\Java_framework\javaWeb\tomcat-8.5.63\webapps\manager]
22-Jun-2023 09:05:07.769 信息 [localhost-startStop-1] org.apache.catalina.startup.HostConfig.deployDirectory Web应用程序目录[E:\LearnNote\LenJava\JavaChapter\Java_framework\javaWeb\tomcat-8.5.63\webapps\manager]的部署已在[16]毫秒内完成
22-Jun-2023 09:05:07.769 信息 [localhost-startStop-1] org.apache.catalina.startup.HostConfig.deployDirectory 把web 应用程序部署到目录 [E:\LearnNote\LenJava\JavaChapter\Java_framework\javaWeb\tomcat-8.5.63\webapps\ROOT]
22-Jun-2023 09:05:07.791 信息 [localhost-startStop-1] org.apache.catalina.startup.HostConfig.deployDirectory Web应用程序目录[E:\LearnNote\LenJava\JavaChapter\Java_framework\javaWeb\tomcat-8.5.63\webapps\ROOT]的部署已在[22]毫秒内完成
22-Jun-2023 09:05:07.791 信息 [main] org.apache.coyote.AbstractProtocol.start 开始协议处理句柄["http-nio-8181"]
22-Jun-2023 09:05:07.807 信息 [main] org.apache.catalina.startup.Catalina.start Server startup in 726 ms
22-Jun-2023 09:12:08.820 信息 [main] org.apache.catalina.startup.VersionLoggerListener.log Server.服务器版本: Apache Tomcat/8.5.63
22-Jun-2023 09:12:08.836 信息 [main] org.apache.catalina.startup.VersionLoggerListener.log 服务器构建:        Jan 29 2021 11:21:49 UTC
22-Jun-2023 09:12:08.836 信息 [main] org.apache.catalina.startup.VersionLoggerListener.log 服务器版本号:      8.5.63.0
22-Jun-2023 09:12:08.836 信息 [main] org.apache.catalina.startup.VersionLoggerListener.log 操作系统名称:      Windows 10
22-Jun-2023 09:12:08.836 信息 [main] org.apache.catalina.startup.VersionLoggerListener.log OS.版本:           10.0
22-Jun-2023 09:12:08.836 信息 [main] org.apache.catalina.startup.VersionLoggerListener.log 架构:              amd64
22-Jun-2023 09:12:08.836 信息 [main] org.apache.catalina.startup.VersionLoggerListener.log Java 环境变量:     E:\LearnNote\LenJava\java\jdk\jre
22-Jun-2023 09:12:08.836 信息 [main] org.apache.catalina.startup.VersionLoggerListener.log Java虚拟机版本:    1.8.0_333-b02
22-Jun-2023 09:12:08.836 信息 [main] org.apache.catalina.startup.VersionLoggerListener.log JVM.供应商:        Oracle Corporation
22-Jun-2023 09:12:08.836 信息 [main] org.apache.catalina.startup.VersionLoggerListener.log CATALINA_BASE:     E:\LearnNote\LenJava\JavaChapter\Java_framework\javaWeb\tomcat-8.5.63
22-Jun-2023 09:12:08.836 信息 [main] org.apache.catalina.startup.VersionLoggerListener.log CATALINA_HOME:     E:\LearnNote\LenJava\JavaChapter\Java_framework\javaWeb\tomcat-8.5.63
22-Jun-2023 09:12:08.852 信息 [main] org.apache.catalina.startup.VersionLoggerListener.log 命令行参数：       -Djava.util.logging.config.file=E:\LearnNote\LenJava\JavaChapter\Java_framework\javaWeb\tomcat-8.5.63\conf\logging.properties
22-Jun-2023 09:12:08.852 信息 [main] org.apache.catalina.startup.VersionLoggerListener.log 命令行参数：       -Djava.util.logging.manager=org.apache.juli.ClassLoaderLogManager
22-Jun-2023 09:12:08.852 信息 [main] org.apache.catalina.startup.VersionLoggerListener.log 命令行参数：       -Djdk.tls.ephemeralDHKeySize=2048
22-Jun-2023 09:12:08.852 信息 [main] org.apache.catalina.startup.VersionLoggerListener.log 命令行参数：       -Djava.protocol.handler.pkgs=org.apache.catalina.webresources
22-Jun-2023 09:12:08.852 信息 [main] org.apache.catalina.startup.VersionLoggerListener.log 命令行参数：       -Dignore.endorsed.dirs=
22-Jun-2023 09:12:08.852 信息 [main] org.apache.catalina.startup.VersionLoggerListener.log 命令行参数：       -Dcatalina.base=E:\LearnNote\LenJava\JavaChapter\Java_framework\javaWeb\tomcat-8.5.63
22-Jun-2023 09:12:08.852 信息 [main] org.apache.catalina.startup.VersionLoggerListener.log 命令行参数：       -Dcatalina.home=E:\LearnNote\LenJava\JavaChapter\Java_framework\javaWeb\tomcat-8.5.63
22-Jun-2023 09:12:08.852 信息 [main] org.apache.catalina.startup.VersionLoggerListener.log 命令行参数：       -Djava.io.tmpdir=E:\LearnNote\LenJava\JavaChapter\Java_framework\javaWeb\tomcat-8.5.63\temp
22-Jun-2023 09:12:08.852 信息 [main] org.apache.catalina.core.AprLifecycleListener.lifecycleEvent 使用APR版本[1.7.0]加载了基于APR的Apache Tomcat本机库[1.2.26]。
22-Jun-2023 09:12:08.852 信息 [main] org.apache.catalina.core.AprLifecycleListener.lifecycleEvent APR功能：IPv6[true]、sendfile[true]、accept filters[false]、random[true]。
22-Jun-2023 09:12:08.852 信息 [main] org.apache.catalina.core.AprLifecycleListener.lifecycleEvent APR/OpenSSL配置：useAprConnector[false]，useOpenSSL[true]
22-Jun-2023 09:12:08.867 信息 [main] org.apache.catalina.core.AprLifecycleListener.initializeSSL OpenSSL成功初始化 [OpenSSL 1.1.1i  8 Dec 2020]
22-Jun-2023 09:12:09.005 信息 [main] org.apache.coyote.AbstractProtocol.init 初始化协议处理器 ["http-nio-8181"]
22-Jun-2023 09:12:09.021 严重 [main] org.apache.catalina.core.StandardService.initInternal Failed to initialize connector [Connector[HTTP/1.1-8181]]
	org.apache.catalina.LifecycleException: 协议处理程序初始化失败
		at org.apache.catalina.connector.Connector.initInternal(Connector.java:1077)
		at org.apache.catalina.util.LifecycleBase.init(LifecycleBase.java:136)
		at org.apache.catalina.core.StandardService.initInternal(StandardService.java:552)
		at org.apache.catalina.util.LifecycleBase.init(LifecycleBase.java:136)
		at org.apache.catalina.core.StandardServer.initInternal(StandardServer.java:846)
		at org.apache.catalina.util.LifecycleBase.init(LifecycleBase.java:136)
		at org.apache.catalina.startup.Catalina.load(Catalina.java:639)
		at org.apache.catalina.startup.Catalina.load(Catalina.java:662)
		at sun.reflect.NativeMethodAccessorImpl.invoke0(Native Method)
		at sun.reflect.NativeMethodAccessorImpl.invoke(NativeMethodAccessorImpl.java:62)
		at sun.reflect.DelegatingMethodAccessorImpl.invoke(DelegatingMethodAccessorImpl.java:43)
		at java.lang.reflect.Method.invoke(Method.java:498)
		at org.apache.catalina.startup.Bootstrap.load(Bootstrap.java:302)
		at org.apache.catalina.startup.Bootstrap.main(Bootstrap.java:472)
	Caused by: java.net.BindException: Address already in use: bind
		at sun.nio.ch.Net.bind0(Native Method)
		at sun.nio.ch.Net.bind(Net.java:438)
		at sun.nio.ch.Net.bind(Net.java:430)
		at sun.nio.ch.ServerSocketChannelImpl.bind(ServerSocketChannelImpl.java:225)
		at sun.nio.ch.ServerSocketAdaptor.bind(ServerSocketAdaptor.java:74)
		at org.apache.tomcat.util.net.NioEndpoint.bind(NioEndpoint.java:222)
		at org.apache.tomcat.util.net.AbstractEndpoint.init(AbstractEndpoint.java:1143)
		at org.apache.tomcat.util.net.AbstractJsseEndpoint.init(AbstractJsseEndpoint.java:222)
		at org.apache.coyote.AbstractProtocol.init(AbstractProtocol.java:599)
		at org.apache.coyote.http11.AbstractHttp11Protocol.init(AbstractHttp11Protocol.java:80)
		at org.apache.catalina.connector.Connector.initInternal(Connector.java:1075)
		... 13 more
22-Jun-2023 09:12:09.021 信息 [main] org.apache.catalina.startup.Catalina.load Initialization processed in 572 ms
22-Jun-2023 09:12:09.106 信息 [main] org.apache.catalina.core.StandardService.startInternal 正在启动服务[Catalina]
22-Jun-2023 09:12:09.106 信息 [main] org.apache.catalina.core.StandardEngine.startInternal Starting Servlet Engine: Apache Tomcat/8.5.63
22-Jun-2023 09:12:09.121 信息 [localhost-startStop-1] org.apache.catalina.startup.HostConfig.deployDescriptor 正在部署部署描述符[E:\LearnNote\LenJava\JavaChapter\Java_framework\javaWeb\tomcat-8.5.63\conf\Catalina\localhost\javaWeb.xml]。
22-Jun-2023 09:12:09.522 警告 [localhost-startStop-1] org.apache.catalina.util.SessionIdGeneratorBase.createSecureRandom 使用[SHA1PRNG]创建会话ID生成的SecureRandom实例花费了[199]毫秒。
22-Jun-2023 09:12:09.537 信息 [localhost-startStop-1] org.apache.catalina.startup.HostConfig.deployDescriptor 部署描述符[E:\LearnNote\LenJava\JavaChapter\Java_framework\javaWeb\tomcat-8.5.63\conf\Catalina\localhost\javaWeb.xml]的部署已在[416]ms内完成
22-Jun-2023 09:12:09.537 信息 [localhost-startStop-1] org.apache.catalina.startup.HostConfig.deployDirectory 把web 应用程序部署到目录 [E:\LearnNote\LenJava\JavaChapter\Java_framework\javaWeb\tomcat-8.5.63\webapps\docs]
22-Jun-2023 09:12:09.568 信息 [localhost-startStop-1] org.apache.catalina.startup.HostConfig.deployDirectory Web应用程序目录[E:\LearnNote\LenJava\JavaChapter\Java_framework\javaWeb\tomcat-8.5.63\webapps\docs]的部署已在[31]毫秒内完成
22-Jun-2023 09:12:09.568 信息 [localhost-startStop-1] org.apache.catalina.startup.HostConfig.deployDirectory 把web 应用程序部署到目录 [E:\LearnNote\LenJava\JavaChapter\Java_framework\javaWeb\tomcat-8.5.63\webapps\examples]
22-Jun-2023 09:12:09.791 信息 [localhost-startStop-1] org.apache.catalina.startup.HostConfig.deployDirectory Web应用程序目录[E:\LearnNote\LenJava\JavaChapter\Java_framework\javaWeb\tomcat-8.5.63\webapps\examples]的部署已在[223]毫秒内完成
22-Jun-2023 09:12:09.791 信息 [localhost-startStop-1] org.apache.catalina.startup.HostConfig.deployDirectory 把web 应用程序部署到目录 [E:\LearnNote\LenJava\JavaChapter\Java_framework\javaWeb\tomcat-8.5.63\webapps\host-manager]
22-Jun-2023 09:12:09.822 信息 [localhost-startStop-1] org.apache.catalina.startup.HostConfig.deployDirectory Web应用程序目录[E:\LearnNote\LenJava\JavaChapter\Java_framework\javaWeb\tomcat-8.5.63\webapps\host-manager]的部署已在[31]毫秒内完成
22-Jun-2023 09:12:09.822 信息 [localhost-startStop-1] org.apache.catalina.startup.HostConfig.deployDirectory 把web 应用程序部署到目录 [E:\LearnNote\LenJava\JavaChapter\Java_framework\javaWeb\tomcat-8.5.63\webapps\manager]
22-Jun-2023 09:12:09.838 信息 [localhost-startStop-1] org.apache.catalina.startup.HostConfig.deployDirectory Web应用程序目录[E:\LearnNote\LenJava\JavaChapter\Java_framework\javaWeb\tomcat-8.5.63\webapps\manager]的部署已在[16]毫秒内完成
22-Jun-2023 09:12:09.838 信息 [localhost-startStop-1] org.apache.catalina.startup.HostConfig.deployDirectory 把web 应用程序部署到目录 [E:\LearnNote\LenJava\JavaChapter\Java_framework\javaWeb\tomcat-8.5.63\webapps\ROOT]
22-Jun-2023 09:12:09.854 信息 [localhost-startStop-1] org.apache.catalina.startup.HostConfig.deployDirectory Web应用程序目录[E:\LearnNote\LenJava\JavaChapter\Java_framework\javaWeb\tomcat-8.5.63\webapps\ROOT]的部署已在[16]毫秒内完成
22-Jun-2023 09:12:09.854 信息 [main] org.apache.catalina.startup.Catalina.start Server startup in 835 ms
22-Jun-2023 09:12:09.869 严重 [main] org.apache.catalina.core.StandardServer.await StandardServer.await: create[localhost:8005]: 
	java.net.BindException: Address already in use: JVM_Bind
		at java.net.DualStackPlainSocketImpl.bind0(Native Method)
		at java.net.DualStackPlainSocketImpl.socketBind(DualStackPlainSocketImpl.java:102)
		at java.net.AbstractPlainSocketImpl.bind(AbstractPlainSocketImpl.java:513)
		at java.net.PlainSocketImpl.bind(PlainSocketImpl.java:180)
		at java.net.ServerSocket.bind(ServerSocket.java:375)
		at java.net.ServerSocket.<init>(ServerSocket.java:237)
		at org.apache.catalina.core.StandardServer.await(StandardServer.java:421)
		at org.apache.catalina.startup.Catalina.await(Catalina.java:776)
		at org.apache.catalina.startup.Catalina.start(Catalina.java:722)
		at sun.reflect.NativeMethodAccessorImpl.invoke0(Native Method)
		at sun.reflect.NativeMethodAccessorImpl.invoke(NativeMethodAccessorImpl.java:62)
		at sun.reflect.DelegatingMethodAccessorImpl.invoke(DelegatingMethodAccessorImpl.java:43)
		at java.lang.reflect.Method.invoke(Method.java:498)
		at org.apache.catalina.startup.Bootstrap.start(Bootstrap.java:342)
		at org.apache.catalina.startup.Bootstrap.main(Bootstrap.java:473)
22-Jun-2023 09:12:09.869 信息 [main] org.apache.coyote.AbstractProtocol.pause 暂停ProtocolHandler["http-nio-8181"]
22-Jun-2023 09:12:09.869 信息 [main] org.apache.catalina.core.StandardService.stopInternal 正在停止服务[Catalina]
22-Jun-2023 09:12:09.891 信息 [main] org.apache.coyote.AbstractProtocol.stop 正在停止ProtocolHandler ["http-nio-8181"]
22-Jun-2023 09:12:09.891 信息 [main] org.apache.coyote.AbstractProtocol.destroy 正在摧毁协议处理器 ["http-nio-8181"]
